<?xml version="1.0" encoding="UTF-8"?>
<testng-results skipped="0" failed="0" ignored="4" total="7" passed="3">
  <reporter-output>
  </reporter-output>
  <suite name="Suite" duration-ms="21559" started-at="2019-01-26T09:34:49Z" finished-at="2019-01-26T09:35:10Z">
    <groups>
    </groups>
    <test name="Test" duration-ms="21559" started-at="2019-01-26T09:34:49Z" finished-at="2019-01-26T09:35:10Z">
      <class name="com.e2e.testcases.TC002">
        <test-method status="PASS" signature="beforeMethod()[pri:0, instance:com.e2e.testcases.TC002@6537cf78]" name="beforeMethod" is-config="true" duration-ms="5029" started-at="2019-01-26T10:34:59Z" finished-at="2019-01-26T10:35:04Z">
          <reporter-output>
          </reporter-output>
        </test-method> <!-- beforeMethod -->
        <test-method status="PASS" signature="f()[pri:0, instance:com.e2e.testcases.TC002@6537cf78]" name="f" duration-ms="1" started-at="2019-01-26T10:35:04Z" finished-at="2019-01-26T10:35:04Z">
          <reporter-output>
          </reporter-output>
        </test-method> <!-- f -->
        <test-method status="PASS" signature="afterMethod()[pri:0, instance:com.e2e.testcases.TC002@6537cf78]" name="afterMethod" is-config="true" duration-ms="858" started-at="2019-01-26T10:35:04Z" finished-at="2019-01-26T10:35:05Z">
          <reporter-output>
          </reporter-output>
        </test-method> <!-- afterMethod -->
      </class> <!-- com.e2e.testcases.TC002 -->
      <class name="com.e2e.testcases.TC001">
        <test-method status="PASS" signature="beforeSuite()[pri:0, instance:com.e2e.testcases.TC001@617c74e5]" name="beforeSuite" is-config="true" duration-ms="14" started-at="2019-01-26T10:34:49Z" finished-at="2019-01-26T10:34:49Z">
          <reporter-output>
          </reporter-output>
        </test-method> <!-- beforeSuite -->
        <test-method status="PASS" signature="beforeMethod()[pri:0, instance:com.e2e.testcases.TC001@617c74e5]" name="beforeMethod" is-config="true" duration-ms="8261" started-at="2019-01-26T10:34:49Z" finished-at="2019-01-26T10:34:57Z">
          <reporter-output>
          </reporter-output>
        </test-method> <!-- beforeMethod -->
        <test-method status="PASS" signature="f()[pri:0, instance:com.e2e.testcases.TC001@617c74e5]" name="f" duration-ms="477" started-at="2019-01-26T10:34:57Z" finished-at="2019-01-26T10:34:57Z">
          <reporter-output>
          </reporter-output>
        </test-method> <!-- f -->
        <test-method status="PASS" signature="afterMethod()[pri:0, instance:com.e2e.testcases.TC001@617c74e5]" name="afterMethod" is-config="true" duration-ms="1312" started-at="2019-01-26T10:34:57Z" finished-at="2019-01-26T10:34:59Z">
          <reporter-output>
          </reporter-output>
        </test-method> <!-- afterMethod -->
        <test-method status="PASS" signature="afterSuite()[pri:0, instance:com.e2e.testcases.TC001@617c74e5]" name="afterSuite" is-config="true" duration-ms="0" started-at="2019-01-26T10:35:10Z" finished-at="2019-01-26T10:35:10Z">
          <reporter-output>
          </reporter-output>
        </test-method> <!-- afterSuite -->
      </class> <!-- com.e2e.testcases.TC001 -->
      <class name="com.e2e.testcases.TC003">
        <test-method status="PASS" signature="beforeMethod()[pri:0, instance:com.e2e.testcases.TC003@67b6d4ae]" name="beforeMethod" is-config="true" duration-ms="4748" started-at="2019-01-26T10:35:05Z" finished-at="2019-01-26T10:35:09Z">
          <reporter-output>
          </reporter-output>
        </test-method> <!-- beforeMethod -->
        <test-method status="PASS" signature="f()[pri:0, instance:com.e2e.testcases.TC003@67b6d4ae]" name="f" duration-ms="0" started-at="2019-01-26T10:35:09Z" finished-at="2019-01-26T10:35:09Z">
          <reporter-output>
          </reporter-output>
        </test-method> <!-- f -->
        <test-method status="PASS" signature="afterMethod()[pri:0, instance:com.e2e.testcases.TC003@67b6d4ae]" name="afterMethod" is-config="true" duration-ms="848" started-at="2019-01-26T10:35:09Z" finished-at="2019-01-26T10:35:10Z">
          <reporter-output>
          </reporter-output>
        </test-method> <!-- afterMethod -->
      </class> <!-- com.e2e.testcases.TC003 -->
    </test> <!-- Test -->
  </suite> <!-- Suite -->
</testng-results>
