<?xml version="1.0" encoding="UTF-8"?>
<!-- Generated by org.testng.reporters.JUnitXMLReporter -->
<testsuite hostname="NLSPLLBI0034" ignored="4" name="Test" tests="3" failures="0" timestamp="24 Jan 2019 22:29:27 GMT" time="19.371" errors="0">
  <testcase name="f" time="0.389" classname="com.e2e.testcases.TC001"/>
  <testcase name="f" time="0.003" classname="com.e2e.testcases.TC002"/>
  <testcase name="f" time="0.002" classname="com.e2e.testcases.TC003"/>
  <testcase name="@BeforeSuite beforeSuite" time="0.0" classname="com.e2e.base.Testbase">
    <ignored/>
  </testcase> <!-- @BeforeSuite beforeSuite -->
  <testcase name="@BeforeSuite beforeSuite" time="0.0" classname="com.e2e.base.Testbase">
    <ignored/>
  </testcase> <!-- @BeforeSuite beforeSuite -->
  <testcase name="@AfterSuite afterSuite" time="0.0" classname="com.e2e.base.Testbase">
    <ignored/>
  </testcase> <!-- @AfterSuite afterSuite -->
  <testcase name="@AfterSuite afterSuite" time="0.0" classname="com.e2e.base.Testbase">
    <ignored/>
  </testcase> <!-- @AfterSuite afterSuite -->
</testsuite> <!-- Test -->
