<?xml version="1.0" encoding="UTF-8"?>
<!-- Generated by org.testng.reporters.JUnitXMLReporter -->
<testsuite hostname="NLSPLLBI0034" ignored="8" name="Test" tests="3" failures="1" timestamp="29 Jan 2019 13:57:41 GMT" time="1.156" errors="0">
  <testcase name="f" time="0.388" classname="com.e2e.testcases.TC001"/>
  <testcase name="f" time="0.196" classname="com.e2e.testcases.TC002">
    <failure type="java.lang.AssertionError" message="Test failed expected [true] but found [false]">
      <![CDATA[java.lang.AssertionError: Test failed expected [true] but found [false]
	at com.e2e.testcases.TC002.f(TC002.java:19)
... Removed 31 stack frames]]>
    </failure>
  </testcase> <!-- f -->
  <testcase name="f" time="0.0" classname="com.e2e.testcases.TC003">
    <skipped/>
  </testcase> <!-- f -->
  <testcase name="@BeforeSuite beforeSuite" time="0.0" classname="com.e2e.base.Testbase">
    <ignored/>
  </testcase> <!-- @BeforeSuite beforeSuite -->
  <testcase name="@BeforeSuite beforeSuite" time="0.0" classname="com.e2e.base.Testbase">
    <ignored/>
  </testcase> <!-- @BeforeSuite beforeSuite -->
  <testcase name="@AfterSuite afterSuite" time="0.0" classname="com.e2e.base.Testbase">
    <ignored/>
  </testcase> <!-- @AfterSuite afterSuite -->
  <testcase name="@AfterSuite afterSuite" time="0.0" classname="com.e2e.base.Testbase">
    <ignored/>
  </testcase> <!-- @AfterSuite afterSuite -->
  <testcase name="@AfterSuite afterMethod" time="0.0" classname="com.e2e.base.Testbase">
    <ignored/>
  </testcase> <!-- @AfterSuite afterMethod -->
  <testcase name="@AfterSuite afterMethod" time="0.0" classname="com.e2e.base.Testbase">
    <ignored/>
  </testcase> <!-- @AfterSuite afterMethod -->
  <testcase name="@BeforeSuite beforeMethod" time="0.0" classname="com.e2e.base.Testbase">
    <ignored/>
  </testcase> <!-- @BeforeSuite beforeMethod -->
  <testcase name="@BeforeSuite beforeMethod" time="0.0" classname="com.e2e.base.Testbase">
    <ignored/>
  </testcase> <!-- @BeforeSuite beforeMethod -->
</testsuite> <!-- Test -->
